svchost.exe; "1496"
svchost.exe; "1636"
svchost.exe; "1680"
svchost.exe; "1776"
svchost.exe; "1788"
svchost.exe; "1856"
svchost.exe; "1996"
svchost.exe; "2052"
svchost.exe; "2060"
svchost.exe; "2092"
svchost.exe; "2120"
svchost.exe; "2296"
svchost.exe; "2312"
svchost.exe; "2324"
svchost.exe; "2400"
svchost.exe; "2452"
svchost.exe; "2460"
svchost.exe; "2488"
svchost.exe; "2688"
svchost.exe; "2748"
svchost.exe; "2756"
svchost.exe; "2768"
svchost.exe; "2804"
svchost.exe; "2220"
svchost.exe; "3084"
svchost.exe; "3244"
svchost.exe; "3352"
svchost.exe; "3480"
svchost.exe; "3640"
svchost.exe; "3860"
svchost.exe; "3956"
svchost.exe; "3996"
svchost.exe; "4052"
svchost.exe; "4080"
svchost.exe; "2200"
svchost.exe; "3236"
svchost.exe; "3008"
svchost.exe; "3652"
svchost.exe; "4168"
svchost.exe; "4292"
svchost.exe; "4352"
svchost.exe; "4364"
svchost.exe; "4672"
svchost.exe; "4912"
svchost.exe; "5076"
svchost.exe; "5024"
svchost.exe; "5228"
svchost.exe; "5348"
svchost.exe; "5356"
svchost.exe; "5364"
svchost.exe; "5372"
svchost.exe; "5408"
svchost.exe; "5644"
svchost.exe; "6252"
svchost.exe; "6384"
svchost.exe; "6416"
svchost.exe; "6760"
svchost.exe; "6952"
svchost.exe; "6968"
svchost.exe; "7048"
svchost.exe; "7220"
svchost.exe; "8200"
svchost.exe; "8236"
svchost.exe; "8408"
svchost.exe; "8544"
svchost.exe; "8696"
svchost.exe; "8908"
svchost.exe; "10060"
svchost.exe; "11244"
svchost.exe; "11848"
svchost.exe; "12216"
svchost.exe; "4092"
explorer.exe; "12296"
svchost.exe; "12316"
svchost.exe; "12584"
svchost.exe; "12720"
svchost.exe; "12832"
svchost.exe; "13908"
svchost.exe; "15036"
svchost.exe; "16612"
svchost.exe; "17804"
pwsh.exe; "19716"
pwsh.exe; "19812"
chrome.exe; "16476"
chrome.exe; "16504"
chrome.exe; "19648"
chrome.exe; "20324"
chrome.exe; "19652"
chrome.exe; "16096"
chrome.exe; "13916"
chrome.exe; "19160"
chrome.exe; "19168"
nearby_share.exe; "22680"
svchost.exe; "21592"
svchost.exe; "23856"
svchost.exe; "24940"
svchost.exe; "26416"
svchost.exe; "25172"
svchost.exe; "26264"
svchost.exe; "7128"
svchost.exe; "26752"
svchost.exe; "6260"
svchost.exe; "17692"
svchost.exe; "1348"
svchost.exe; "26768"
svchost.exe; "15920"
svchost.exe; "7320"
pwsh.exe; "25988"
pwsh.exe; "14144"
svchost.exe; "14128"
svchost.exe; "8376"
svchost.exe; "21856"
chrome.exe; "2600"
svchost.exe; "7968"
pwsh.exe; "25620"
cmd.exe; "27224"
svchost.exe; "1496"
svchost.exe; "1636"
svchost.exe; "1680"
svchost.exe; "1776"
svchost.exe; "1788"
svchost.exe; "1856"
svchost.exe; "1996"
svchost.exe; "2052"
svchost.exe; "2060"
svchost.exe; "2092"
svchost.exe; "2120"
svchost.exe; "2296"
svchost.exe; "2312"
svchost.exe; "2324"
svchost.exe; "2400"
svchost.exe; "2452"
svchost.exe; "2460"
svchost.exe; "2488"
svchost.exe; "2688"
svchost.exe; "2748"
svchost.exe; "2756"
svchost.exe; "2768"
svchost.exe; "2804"
svchost.exe; "2220"
svchost.exe; "3084"
svchost.exe; "3244"
svchost.exe; "3352"
svchost.exe; "3480"
svchost.exe; "3640"
svchost.exe; "3860"
svchost.exe; "3956"
svchost.exe; "3996"
svchost.exe; "4052"
svchost.exe; "4080"
svchost.exe; "2200"
svchost.exe; "3236"
svchost.exe; "3008"
svchost.exe; "3652"
svchost.exe; "4168"
svchost.exe; "4292"
svchost.exe; "4352"
svchost.exe; "4364"
svchost.exe; "4672"
svchost.exe; "4912"
svchost.exe; "5076"
svchost.exe; "5024"
svchost.exe; "5228"
svchost.exe; "5348"
svchost.exe; "5356"
svchost.exe; "5364"
svchost.exe; "5372"
svchost.exe; "5408"
svchost.exe; "5644"
svchost.exe; "6252"
svchost.exe; "6384"
svchost.exe; "6416"
svchost.exe; "6760"
svchost.exe; "6952"
svchost.exe; "6968"
svchost.exe; "7048"
svchost.exe; "7220"
svchost.exe; "8200"
svchost.exe; "8236"
svchost.exe; "8408"
svchost.exe; "8544"
svchost.exe; "8696"
svchost.exe; "8908"
svchost.exe; "10060"
svchost.exe; "11244"
svchost.exe; "11848"
svchost.exe; "12216"
svchost.exe; "4092"
explorer.exe; "12296"
svchost.exe; "12316"
svchost.exe; "12584"
svchost.exe; "12720"
svchost.exe; "12832"
svchost.exe; "13908"
svchost.exe; "15036"
svchost.exe; "16612"
svchost.exe; "17804"
pwsh.exe; "19716"
pwsh.exe; "19812"
chrome.exe; "16476"
chrome.exe; "16504"
chrome.exe; "19648"
chrome.exe; "20324"
chrome.exe; "19652"
chrome.exe; "16096"
chrome.exe; "13916"
chrome.exe; "19160"
chrome.exe; "19168"
nearby_share.exe; "22680"
svchost.exe; "21592"
svchost.exe; "23856"
svchost.exe; "24940"
svchost.exe; "26416"
svchost.exe; "25172"
svchost.exe; "26264"
svchost.exe; "7128"
svchost.exe; "26752"
svchost.exe; "6260"
svchost.exe; "17692"
svchost.exe; "1348"
svchost.exe; "26768"
svchost.exe; "15920"
svchost.exe; "7320"
pwsh.exe; "25988"
pwsh.exe; "14144"
svchost.exe; "14128"
svchost.exe; "8376"
svchost.exe; "21856"
chrome.exe; "2600"
svchost.exe; "7968"
pwsh.exe; "25620"
cmd.exe; "25304"
svchost.exe; "1496"
svchost.exe; "1636"
svchost.exe; "1680"
svchost.exe; "1776"
svchost.exe; "1788"
svchost.exe; "1856"
svchost.exe; "1996"
svchost.exe; "2052"
svchost.exe; "2060"
svchost.exe; "2092"
svchost.exe; "2120"
svchost.exe; "2296"
svchost.exe; "2312"
svchost.exe; "2324"
svchost.exe; "2400"
svchost.exe; "2452"
svchost.exe; "2460"
svchost.exe; "2488"
svchost.exe; "2688"
svchost.exe; "2748"
svchost.exe; "2756"
svchost.exe; "2768"
svchost.exe; "2804"
svchost.exe; "2220"
svchost.exe; "3084"
svchost.exe; "3244"
svchost.exe; "3352"
svchost.exe; "3480"
svchost.exe; "3640"
svchost.exe; "3860"
svchost.exe; "3956"
svchost.exe; "3996"
svchost.exe; "4052"
svchost.exe; "4080"
svchost.exe; "2200"
svchost.exe; "3236"
svchost.exe; "3008"
svchost.exe; "3652"
svchost.exe; "4168"
svchost.exe; "4292"
svchost.exe; "4352"
svchost.exe; "4364"
svchost.exe; "4672"
svchost.exe; "4912"
svchost.exe; "5076"
svchost.exe; "5024"
svchost.exe; "5228"
svchost.exe; "5348"
svchost.exe; "5356"
svchost.exe; "5364"
svchost.exe; "5372"
svchost.exe; "5408"
svchost.exe; "5644"
svchost.exe; "6252"
svchost.exe; "6384"
svchost.exe; "6416"
svchost.exe; "6760"
svchost.exe; "6952"
svchost.exe; "6968"
svchost.exe; "7048"
svchost.exe; "7220"
svchost.exe; "8200"
svchost.exe; "8236"
svchost.exe; "8408"
svchost.exe; "8544"
svchost.exe; "8696"
svchost.exe; "8908"
svchost.exe; "10060"
svchost.exe; "11244"
svchost.exe; "11848"
svchost.exe; "12216"
svchost.exe; "4092"
explorer.exe; "12296"
svchost.exe; "12316"
svchost.exe; "12584"
svchost.exe; "12720"
svchost.exe; "12832"
svchost.exe; "13908"
svchost.exe; "15036"
svchost.exe; "16612"
svchost.exe; "17804"
pwsh.exe; "19716"
pwsh.exe; "19812"
chrome.exe; "16476"
chrome.exe; "16504"
chrome.exe; "19648"
chrome.exe; "20324"
chrome.exe; "19652"
chrome.exe; "16096"
chrome.exe; "13916"
chrome.exe; "19160"
chrome.exe; "19168"
nearby_share.exe; "22680"
svchost.exe; "21592"
svchost.exe; "23856"
svchost.exe; "24940"
svchost.exe; "26416"
svchost.exe; "25172"
svchost.exe; "26264"
svchost.exe; "7128"
svchost.exe; "26752"
svchost.exe; "6260"
svchost.exe; "17692"
svchost.exe; "1348"
svchost.exe; "26768"
svchost.exe; "15920"
svchost.exe; "7320"
pwsh.exe; "25988"
pwsh.exe; "14144"
svchost.exe; "14128"
svchost.exe; "8376"
svchost.exe; "21856"
chrome.exe; "2600"
svchost.exe; "7968"
pwsh.exe; "25620"
svchost.exe; "6800"
cmd.exe; "17212"
svchost.exe; "1496"
svchost.exe; "1636"
svchost.exe; "1776"
svchost.exe; "2688"
svchost.exe; "3860"
svchost.exe; "4292"
svchost.exe; "4672"
svchost.exe; "4912"
svchost.exe; "5076"
svchost.exe; "5348"
svchost.exe; "6252"
svchost.exe; "6384"
svchost.exe; "6416"
svchost.exe; "6760"
svchost.exe; "6952"
svchost.exe; "7048"
svchost.exe; "7220"
svchost.exe; "8200"
svchost.exe; "8908"
svchost.exe; "10060"
svchost.exe; "11244"
explorer.exe; "12296"
svchost.exe; "12316"
svchost.exe; "12584"
svchost.exe; "13908"
svchost.exe; "15036"
svchost.exe; "16612"
svchost.exe; "17804"
pwsh.exe; "19716"
pwsh.exe; "19812"
chrome.exe; "16476"
nearby_share.exe; "22680"
svchost.exe; "21592"
svchost.exe; "24940"
svchost.exe; "26416"
svchost.exe; "26264"
svchost.exe; "7128"
svchost.exe; "6260"
svchost.exe; "17692"
svchost.exe; "1348"
pwsh.exe; "25988"
pwsh.exe; "14144"
svchost.exe; "14128"
svchost.exe; "21856"
chrome.exe; "2600"
svchost.exe; "7968"
pwsh.exe; "25620"
svchost.exe; "6800"
cmd.exe; "18664"
svchost.exe; "1496"
svchost.exe; "1636"
svchost.exe; "1776"
svchost.exe; "2688"
svchost.exe; "3860"
svchost.exe; "4292"
svchost.exe; "4672"
svchost.exe; "4912"
svchost.exe; "5076"
svchost.exe; "5348"
svchost.exe; "6252"
svchost.exe; "6384"
svchost.exe; "6416"
svchost.exe; "6760"
svchost.exe; "6952"
svchost.exe; "7048"
svchost.exe; "7220"
svchost.exe; "8200"
svchost.exe; "8908"
svchost.exe; "10060"
svchost.exe; "11244"
explorer.exe; "12296"
svchost.exe; "12316"
svchost.exe; "12584"
svchost.exe; "13908"
svchost.exe; "15036"
svchost.exe; "16612"
svchost.exe; "17804"
pwsh.exe; "19716"
pwsh.exe; "19812"
chrome.exe; "16476"
nearby_share.exe; "22680"
svchost.exe; "21592"
svchost.exe; "24940"
svchost.exe; "26416"
svchost.exe; "26264"
svchost.exe; "7128"
svchost.exe; "6260"
svchost.exe; "17692"
svchost.exe; "1348"
pwsh.exe; "25988"
pwsh.exe; "14144"
svchost.exe; "14128"
svchost.exe; "21856"
chrome.exe; "2600"
svchost.exe; "7968"
pwsh.exe; "25620"
svchost.exe; "6800"
cmd.exe; "4584"
svchost.exe; "1496"
svchost.exe; "1636"
svchost.exe; "1776"
svchost.exe; "2688"
svchost.exe; "3860"
svchost.exe; "4292"
svchost.exe; "4672"
svchost.exe; "4912"
svchost.exe; "5076"
svchost.exe; "5348"
svchost.exe; "6252"
svchost.exe; "6384"
svchost.exe; "6416"
svchost.exe; "6760"
svchost.exe; "6952"
svchost.exe; "7048"
svchost.exe; "7220"
svchost.exe; "8200"
svchost.exe; "8908"
svchost.exe; "10060"
svchost.exe; "11244"
explorer.exe; "12296"
svchost.exe; "12316"
svchost.exe; "12584"
svchost.exe; "13908"
svchost.exe; "15036"
svchost.exe; "16612"
svchost.exe; "17804"
pwsh.exe; "19716"
pwsh.exe; "19812"
chrome.exe; "16476"
nearby_share.exe; "22680"
svchost.exe; "21592"
svchost.exe; "24940"
svchost.exe; "26416"
svchost.exe; "26264"
svchost.exe; "7128"
svchost.exe; "6260"
svchost.exe; "17692"
svchost.exe; "1348"
pwsh.exe; "25988"
pwsh.exe; "14144"
svchost.exe; "14128"
svchost.exe; "21856"
chrome.exe; "2600"
pwsh.exe; "25620"
svchost.exe; "6800"
chrome.exe; "8984"
svchost.exe; "14880"
cmd.exe; "3140"
svchost.exe; "1496"
svchost.exe; "1636"
svchost.exe; "1776"
svchost.exe; "2688"
svchost.exe; "3860"
svchost.exe; "4292"
svchost.exe; "4672"
svchost.exe; "4912"
svchost.exe; "5076"
svchost.exe; "5348"
svchost.exe; "6252"
svchost.exe; "6384"
svchost.exe; "6416"
svchost.exe; "6760"
svchost.exe; "6952"
svchost.exe; "7048"
svchost.exe; "7220"
svchost.exe; "8200"
svchost.exe; "8908"
svchost.exe; "10060"
svchost.exe; "11244"
explorer.exe; "12296"
svchost.exe; "12316"
svchost.exe; "12584"
svchost.exe; "13908"
svchost.exe; "15036"
svchost.exe; "16612"
svchost.exe; "17804"
pwsh.exe; "19716"
pwsh.exe; "19812"
chrome.exe; "16476"
nearby_share.exe; "22680"
svchost.exe; "21592"
svchost.exe; "24940"
svchost.exe; "26416"
svchost.exe; "26264"
svchost.exe; "7128"
svchost.exe; "6260"
svchost.exe; "17692"
svchost.exe; "1348"
pwsh.exe; "25988"
pwsh.exe; "14144"
svchost.exe; "14128"
svchost.exe; "21856"
pwsh.exe; "25620"
svchost.exe; "6800"
chrome.exe; "18860"
svchost.exe; "2972"
cmd.exe; "9748"
